/domo/freebox/wifi_control.sh: line 7: ./freeboxos_bash_api.sh: No such file or directory
/domo/freebox/wifi_control.sh: line 10: login_freebox: command not found
/domo/freebox/wifi_control.sh: line 12: wifi_control: command not found
Wifi is now Activated
Wifi is now Activated
Wifi is now Disabled
Wifi is now Activated
01/25/2014  11:59:04 PM  -->  Wifi is now Disabled
01/26/2014  08:00:03 AM  -->  Wifi is now Activated
01/01/1970  06:00:04 AM  -->  Wifi is now Activated
01/01/1970  09:00:04 AM  -->  Wifi is now Disabled
01/01/1970  11:45:03 AM  -->  Wifi is now Activated
: 
01/01/1970  02:15:02 PM  -->  Wifi is now Disabled
: 
: 
01/01/1970  04:30:02 PM  -->  Wifi is now Activated
: 
: 
01/01/1970  10:00:02 PM  -->  Wifi is now Disabled
: 
01/02/1970  06:00:04 AM  -->  Wifi is now Activated
01/02/1970  09:00:04 AM  -->  Wifi is now Disabled
01/02/1970  11:45:04 AM  -->  Wifi is now Activated
01/02/1970  02:15:04 PM  -->  Wifi is now Disabled
01/02/1970  04:30:04 PM  -->  Wifi is now Activated
01/02/1970  10:00:04 PM  -->  Wifi is now Disabled
01/28/2014  10:00:04 PM  -->  Wifi is now Disabled
01/29/2014  06:00:04 AM  -->  Wifi is now Activated
01/29/2014  09:00:04 AM  -->  Wifi is now Disabled
01/29/2014  11:45:03 AM  -->  Wifi is now Activated
01/29/2014  02:15:04 PM  -->  Wifi is now Disabled
01/29/2014  04:30:04 PM  -->  Wifi is now Activated
01/29/2014  10:00:04 PM  -->  Wifi is now Disabled
01/30/2014  06:00:03 AM  -->  Wifi is now Activated
01/30/2014  09:00:03 AM  -->  Wifi is now Disabled
01/30/2014  11:50:04 AM  -->  Wifi is now Activated
01/30/2014  02:05:04 PM  -->  Wifi is now Disabled
01/30/2014  04:30:04 PM  -->  Wifi is now Activated
